using /home/ammar/Documents/riscv-arch-test/riscof_work/3.7.1.S/ref/Reference-sail_c_simulator.signature for test-signature output.
[Sail] Allocating new block 0x80000000
tohost located at 0x80002000
[Sail] Allocating new block 0x0

Running file ref.elf.
ELF Entry @ 0x80000000
begin_signature: 0x80c02110
end_signature: 0x80c02220
CSR mstatus <- 0x00000000 (input: 0x00000000)
mem[X,0x00001000] -> 0x0297
mem[X,0x00001002] -> 0x0000
[0] [M]: 0x00001000 (0x00000297) auipc t0, 0
x5 <- 0x00001000


mem[X,0x00001004] -> 0x8593
mem[X,0x00001006] -> 0x0202
[1] [M]: 0x00001004 (0x02028593) addi a1, t0, 32
x11 <- 0x00001020


mem[X,0x00001008] -> 0x2573
mem[X,0x0000100A] -> 0xF140
[2] [M]: 0x00001008 (0xF1402573) csrrs a0, mhartid, zero
CSR mhartid -> 0x00000000
x10 <- 0x00000000


mem[X,0x0000100C] -> 0xA283
mem[X,0x0000100E] -> 0x0182
[3] [M]: 0x0000100C (0x0182A283) lw t0, 24(t0)
mem[R,0x00001018] -> 0x80000000
x5 <- 0x80000000


mem[X,0x00001010] -> 0x8067
mem[X,0x00001012] -> 0x0002
[4] [M]: 0x00001010 (0x00028067) jalr zero, t0, 0


mem[X,0x80000000] -> 0x0317
mem[X,0x80000002] -> 0x0040
[5] [M]: 0x80000000 (0x00400317) auipc t1, 1024
x6 <- 0x80400000


mem[X,0x80000004] -> 0x0313
mem[X,0x80000006] -> 0x0003
[6] [M]: 0x80000004 (0x00030313) addi t1, t1, 0
x6 <- 0x80400000


mem[X,0x80000008] -> 0x0013
mem[X,0x8000000A] -> 0x0000
[7] [M]: 0x80000008 (0x00000013) addi zero, zero, 0


mem[X,0x8000000C] -> 0x0013
mem[X,0x8000000E] -> 0x0000
[8] [M]: 0x8000000C (0x00000013) addi zero, zero, 0


mem[X,0x80000010] -> 0x0013
mem[X,0x80000012] -> 0x0000
[9] [M]: 0x80000010 (0x00000013) addi zero, zero, 0


mem[X,0x80000014] -> 0x0013
mem[X,0x80000016] -> 0x0000
[10] [M]: 0x80000014 (0x00000013) addi zero, zero, 0


mem[X,0x80000018] -> 0x0013
mem[X,0x8000001A] -> 0x0000
[11] [M]: 0x80000018 (0x00000013) addi zero, zero, 0


mem[X,0x8000001C] -> 0x0013
mem[X,0x8000001E] -> 0x0000
[12] [M]: 0x8000001C (0x00000013) addi zero, zero, 0


mem[X,0x80000020] -> 0x1473
mem[X,0x80000022] -> 0x3403
[13] [M]: 0x80000020 (0x34031473) csrrw fp, mscratch, t1
CSR mscratch -> 0x00000000
CSR mscratch <- 0x80400000 (input: 0x80400000)
x8 <- 0x00000000


mem[X,0x80000024] -> 0x2823
mem[X,0x80000026] -> 0x1C83
[14] [M]: 0x80000024 (0x1C832823) sw fp, 464(t1)
mem[0x804001D0] <- 0x00000000


mem[X,0x80000028] -> 0x0393
mem[X,0x8000002A] -> 0x0000
[15] [M]: 0x80000028 (0x00000393) addi t2, zero, 0
x7 <- 0x00000000


mem[X,0x8000002C] -> 0x93F3
mem[X,0x8000002E] -> 0x3023
[16] [M]: 0x8000002C (0x302393F3) csrrw t2, medeleg, t2
CSR medeleg -> 0x00000000
CSR medeleg <- 0x00000000 (input: 0x00000000)
x7 <- 0x00000000


mem[X,0x80000030] -> 0x2C23
mem[X,0x80000032] -> 0x1A73
[17] [M]: 0x80000030 (0x1A732C23) sw t2, 440(t1)
mem[0x804001B8] <- 0x00000000


mem[X,0x80000034] -> 0x0013
mem[X,0x80000036] -> 0x0000
[18] [M]: 0x80000034 (0x00000013) addi zero, zero, 0


mem[X,0x80000038] -> 0x0013
mem[X,0x8000003A] -> 0x0000
[19] [M]: 0x80000038 (0x00000013) addi zero, zero, 0


mem[X,0x8000003C] -> 0x0013
mem[X,0x8000003E] -> 0x0000
[20] [M]: 0x8000003C (0x00000013) addi zero, zero, 0


mem[X,0x80000040] -> 0x0497
mem[X,0x80000042] -> 0x0000
[21] [M]: 0x80000040 (0x00000497) auipc s1, 0
x9 <- 0x80000040


mem[X,0x80000044] -> 0x8493
mem[X,0x80000046] -> 0x6404
[22] [M]: 0x80000044 (0x64048493) addi s1, s1, 1600
x9 <- 0x80000680


mem[X,0x80000048] -> 0x0013
mem[X,0x8000004A] -> 0x0000
[23] [M]: 0x80000048 (0x00000013) addi zero, zero, 0


mem[X,0x8000004C] -> 0x0013
mem[X,0x8000004E] -> 0x0000
[24] [M]: 0x8000004C (0x00000013) addi zero, zero, 0


mem[X,0x80000050] -> 0x0013
mem[X,0x80000052] -> 0x0000
[25] [M]: 0x80000050 (0x00000013) addi zero, zero, 0


mem[X,0x80000054] -> 0x0013
mem[X,0x80000056] -> 0x0000
[26] [M]: 0x80000054 (0x00000013) addi zero, zero, 0


mem[X,0x80000058] -> 0x0013
mem[X,0x8000005A] -> 0x0000
[27] [M]: 0x80000058 (0x00000013) addi zero, zero, 0


mem[X,0x8000005C] -> 0x0013
mem[X,0x8000005E] -> 0x0000
[28] [M]: 0x8000005C (0x00000013) addi zero, zero, 0


mem[X,0x80000060] -> 0x8413
mem[X,0x80000062] -> 0x1544
[29] [M]: 0x80000060 (0x15448413) addi fp, s1, 340
x8 <- 0x800007D4


mem[X,0x80000064] -> 0x2823
mem[X,0x80000066] -> 0x1A83
[30] [M]: 0x80000064 (0x1A832823) sw fp, 432(t1)
mem[0x804001B0] <- 0x800007D4


mem[X,0x80000068] -> 0x2473
mem[X,0x8000006A] -> 0x3050
[31] [M]: 0x80000068 (0x30502473) csrrs fp, mtvec, zero
CSR mtvec -> 0x00000000
x8 <- 0x00000000


mem[X,0x8000006C] -> 0x2423
mem[X,0x8000006E] -> 0x1C83
[32] [M]: 0x8000006C (0x1C832423) sw fp, 456(t1)
mem[0x804001C8] <- 0x00000000


mem[X,0x80000070] -> 0x7393
mem[X,0x80000072] -> 0x0034
[33] [M]: 0x80000070 (0x00347393) andi t2, fp, 3
x7 <- 0x00000000


mem[X,0x80000074] -> 0xE3B3
mem[X,0x80000076] -> 0x0074
[34] [M]: 0x80000074 (0x0074E3B3) or t2, s1, t2
x7 <- 0x80000680


mem[X,0x80000078] -> 0x2023
mem[X,0x8000007A] -> 0x1C73
[35] [M]: 0x80000078 (0x1C732023) sw t2, 448(t1)
mem[0x804001C0] <- 0x80000680


mem[X,0x8000007C] -> 0x9073
mem[X,0x8000007E] -> 0x3053
[36] [M]: 0x8000007C (0x30539073) csrrw zero, mtvec, t2
CSR mtvec -> 0x00000000
CSR mtvec <- 0x80000680 (input: 0x80000680)


mem[X,0x80000080] -> 0x2573
mem[X,0x80000082] -> 0x3050
[37] [M]: 0x80000080 (0x30502573) csrrs a0, mtvec, zero
CSR mtvec -> 0x80000680
x10 <- 0x80000680


mem[X,0x80000084] -> 0x0063
mem[X,0x80000086] -> 0x0875
[38] [M]: 0x80000084 (0x08750063) beq a0, t2, 128


mem[X,0x80000104] -> 0x0013
mem[X,0x80000106] -> 0x0000
[39] [M]: 0x80000104 (0x00000013) addi zero, zero, 0


mem[X,0x80000108] -> 0x0013
mem[X,0x8000010A] -> 0x0000
[40] [M]: 0x80000108 (0x00000013) addi zero, zero, 0


mem[X,0x8000010C] -> 0x0013
mem[X,0x8000010E] -> 0x0000
[41] [M]: 0x8000010C (0x00000013) addi zero, zero, 0


mem[X,0x80000110] -> 0x0013
mem[X,0x80000112] -> 0x0000
[42] [M]: 0x80000110 (0x00000013) addi zero, zero, 0


mem[X,0x80000114] -> 0x0013
mem[X,0x80000116] -> 0x0000
[43] [M]: 0x80000114 (0x00000013) addi zero, zero, 0


mem[X,0x80000118] -> 0x0013
mem[X,0x8000011A] -> 0x0000
[44] [M]: 0x80000118 (0x00000013) addi zero, zero, 0


mem[X,0x8000011C] -> 0x0013
mem[X,0x8000011E] -> 0x0000
[45] [M]: 0x8000011C (0x00000013) addi zero, zero, 0


mem[X,0x80000120] -> 0x0317
mem[X,0x80000122] -> 0x0040
[46] [M]: 0x80000120 (0x00400317) auipc t1, 1024
x6 <- 0x80400120


mem[X,0x80000124] -> 0x0313
mem[X,0x80000126] -> 0x0D83
[47] [M]: 0x80000124 (0x0D830313) addi t1, t1, 216
x6 <- 0x804001F8


mem[X,0x80000128] -> 0x0013
mem[X,0x8000012A] -> 0x0000
[48] [M]: 0x80000128 (0x00000013) addi zero, zero, 0


mem[X,0x8000012C] -> 0x0013
mem[X,0x8000012E] -> 0x0000
[49] [M]: 0x8000012C (0x00000013) addi zero, zero, 0


mem[X,0x80000130] -> 0x0013
mem[X,0x80000132] -> 0x0000
[50] [M]: 0x80000130 (0x00000013) addi zero, zero, 0


mem[X,0x80000134] -> 0x0013
mem[X,0x80000136] -> 0x0000
[51] [M]: 0x80000134 (0x00000013) addi zero, zero, 0


mem[X,0x80000138] -> 0x0013
mem[X,0x8000013A] -> 0x0000
[52] [M]: 0x80000138 (0x00000013) addi zero, zero, 0


mem[X,0x8000013C] -> 0x0013
mem[X,0x8000013E] -> 0x0000
[53] [M]: 0x8000013C (0x00000013) addi zero, zero, 0


mem[X,0x80000140] -> 0x1473
mem[X,0x80000142] -> 0x1403
[54] [M]: 0x80000140 (0x14031473) csrrw fp, sscratch, t1
CSR sscratch -> 0x00000000
CSR sscratch <- 0x804001F8 (input: 0x804001F8)
x8 <- 0x00000000


mem[X,0x80000144] -> 0x2823
mem[X,0x80000146] -> 0x1C83
[55] [M]: 0x80000144 (0x1C832823) sw fp, 464(t1)
mem[0x804003C8] <- 0x00000000


mem[X,0x80000148] -> 0x0393
mem[X,0x8000014A] -> 0x0000
[56] [M]: 0x80000148 (0x00000393) addi t2, zero, 0
x7 <- 0x00000000


mem[X,0x8000014C] -> 0x2C23
mem[X,0x8000014E] -> 0x1A73
[57] [M]: 0x8000014C (0x1A732C23) sw t2, 440(t1)
mem[0x804003B0] <- 0x00000000


mem[X,0x80000150] -> 0x0013
mem[X,0x80000152] -> 0x0000
[58] [M]: 0x80000150 (0x00000013) addi zero, zero, 0


mem[X,0x80000154] -> 0x0013
mem[X,0x80000156] -> 0x0000
[59] [M]: 0x80000154 (0x00000013) addi zero, zero, 0


mem[X,0x80000158] -> 0x0013
mem[X,0x8000015A] -> 0x0000
[60] [M]: 0x80000158 (0x00000013) addi zero, zero, 0


mem[X,0x8000015C] -> 0x0013
mem[X,0x8000015E] -> 0x0000
[61] [M]: 0x8000015C (0x00000013) addi zero, zero, 0


mem[X,0x80000160] -> 0x1497
mem[X,0x80000162] -> 0x00C0
[62] [M]: 0x80000160 (0x00C01497) auipc s1, 3073
x9 <- 0x80C01160


mem[X,0x80000164] -> 0x8493
mem[X,0x80000166] -> 0xEA04
[63] [M]: 0x80000164 (0xEA048493) addi s1, s1, 3744
x9 <- 0x80C01000


mem[X,0x80000168] -> 0x0013
mem[X,0x8000016A] -> 0x0000
[64] [M]: 0x80000168 (0x00000013) addi zero, zero, 0


mem[X,0x8000016C] -> 0x0013
mem[X,0x8000016E] -> 0x0000
[65] [M]: 0x8000016C (0x00000013) addi zero, zero, 0


mem[X,0x80000170] -> 0x0013
mem[X,0x80000172] -> 0x0000
[66] [M]: 0x80000170 (0x00000013) addi zero, zero, 0


mem[X,0x80000174] -> 0x0013
mem[X,0x80000176] -> 0x0000
[67] [M]: 0x80000174 (0x00000013) addi zero, zero, 0


mem[X,0x80000178] -> 0x0013
mem[X,0x8000017A] -> 0x0000
[68] [M]: 0x80000178 (0x00000013) addi zero, zero, 0


mem[X,0x8000017C] -> 0x0013
mem[X,0x8000017E] -> 0x0000
[69] [M]: 0x8000017C (0x00000013) addi zero, zero, 0


mem[X,0x80000180] -> 0x94F3
mem[X,0x80000182] -> 0x1804
[70] [M]: 0x80000180 (0x180494F3) csrrw s1, satp, s1
CSR satp -> 0x00000000
CSR satp <- 0x80C01000 (input: 0x80C01000)
x9 <- 0x00000000


mem[X,0x80000184] -> 0x2023
mem[X,0x80000186] -> 0x1A93
[71] [M]: 0x80000184 (0x1A932023) sw s1, 416(t1)
mem[0x80400398] <- 0x00000000


mem[X,0x80000188] -> 0x0013
mem[X,0x8000018A] -> 0x0000
[72] [M]: 0x80000188 (0x00000013) addi zero, zero, 0


mem[X,0x8000018C] -> 0x0013
mem[X,0x8000018E] -> 0x0000
[73] [M]: 0x8000018C (0x00000013) addi zero, zero, 0


mem[X,0x80000190] -> 0x0013
mem[X,0x80000192] -> 0x0000
[74] [M]: 0x80000190 (0x00000013) addi zero, zero, 0


mem[X,0x80000194] -> 0x0013
mem[X,0x80000196] -> 0x0000
[75] [M]: 0x80000194 (0x00000013) addi zero, zero, 0


mem[X,0x80000198] -> 0x0013
mem[X,0x8000019A] -> 0x0000
[76] [M]: 0x80000198 (0x00000013) addi zero, zero, 0


mem[X,0x8000019C] -> 0x0013
mem[X,0x8000019E] -> 0x0000
[77] [M]: 0x8000019C (0x00000013) addi zero, zero, 0


mem[X,0x800001A0] -> 0x1497
mem[X,0x800001A2] -> 0x0000
[78] [M]: 0x800001A0 (0x00001497) auipc s1, 1
x9 <- 0x800011A0


mem[X,0x800001A4] -> 0x8493
mem[X,0x800001A6] -> 0xB204
[79] [M]: 0x800001A4 (0xB2048493) addi s1, s1, 2848
x9 <- 0x80000CC0


mem[X,0x800001A8] -> 0x0013
mem[X,0x800001AA] -> 0x0000
[80] [M]: 0x800001A8 (0x00000013) addi zero, zero, 0


mem[X,0x800001AC] -> 0x0013
mem[X,0x800001AE] -> 0x0000
[81] [M]: 0x800001AC (0x00000013) addi zero, zero, 0


mem[X,0x800001B0] -> 0x0013
mem[X,0x800001B2] -> 0x0000
[82] [M]: 0x800001B0 (0x00000013) addi zero, zero, 0


mem[X,0x800001B4] -> 0x0013
mem[X,0x800001B6] -> 0x0000
[83] [M]: 0x800001B4 (0x00000013) addi zero, zero, 0


mem[X,0x800001B8] -> 0x0013
mem[X,0x800001BA] -> 0x0000
[84] [M]: 0x800001B8 (0x00000013) addi zero, zero, 0


mem[X,0x800001BC] -> 0x0013
mem[X,0x800001BE] -> 0x0000
[85] [M]: 0x800001BC (0x00000013) addi zero, zero, 0


mem[X,0x800001C0] -> 0x8413
mem[X,0x800001C2] -> 0x1544
[86] [M]: 0x800001C0 (0x15448413) addi fp, s1, 340
x8 <- 0x80000E14


mem[X,0x800001C4] -> 0x2823
mem[X,0x800001C6] -> 0x1A83
[87] [M]: 0x800001C4 (0x1A832823) sw fp, 432(t1)
mem[0x804003A8] <- 0x80000E14


mem[X,0x800001C8] -> 0x2473
mem[X,0x800001CA] -> 0x1050
[88] [M]: 0x800001C8 (0x10502473) csrrs fp, stvec, zero
CSR stvec -> 0x00000000
x8 <- 0x00000000


mem[X,0x800001CC] -> 0x2423
mem[X,0x800001CE] -> 0x1C83
[89] [M]: 0x800001CC (0x1C832423) sw fp, 456(t1)
mem[0x804003C0] <- 0x00000000


mem[X,0x800001D0] -> 0x7393
mem[X,0x800001D2] -> 0x0034
[90] [M]: 0x800001D0 (0x00347393) andi t2, fp, 3
x7 <- 0x00000000


mem[X,0x800001D4] -> 0xE3B3
mem[X,0x800001D6] -> 0x0074
[91] [M]: 0x800001D4 (0x0074E3B3) or t2, s1, t2
x7 <- 0x80000CC0


mem[X,0x800001D8] -> 0x2023
mem[X,0x800001DA] -> 0x1C73
[92] [M]: 0x800001D8 (0x1C732023) sw t2, 448(t1)
mem[0x804003B8] <- 0x80000CC0


mem[X,0x800001DC] -> 0x9073
mem[X,0x800001DE] -> 0x1053
[93] [M]: 0x800001DC (0x10539073) csrrw zero, stvec, t2
CSR stvec -> 0x00000000
CSR stvec <- 0x80000CC0 (input: 0x80000CC0)


mem[X,0x800001E0] -> 0x2573
mem[X,0x800001E2] -> 0x1050
[94] [M]: 0x800001E0 (0x10502573) csrrs a0, stvec, zero
CSR stvec -> 0x80000CC0
x10 <- 0x80000CC0


mem[X,0x800001E4] -> 0x0063
mem[X,0x800001E6] -> 0x0875
[95] [M]: 0x800001E4 (0x08750063) beq a0, t2, 128


mem[X,0x80000264] -> 0xC0B7
mem[X,0x80000266] -> 0xFEED
[96] [M]: 0x80000264 (0xFEEDC0B7) lui ra, 1044188
x1 <- 0xFEEDC000


mem[X,0x80000268] -> 0x8093
mem[X,0x8000026A] -> 0xEAD0
[97] [M]: 0x80000268 (0xEAD08093) addi ra, ra, 3757
x1 <- 0xFEEDBEAD


mem[X,0x8000026C] -> 0xE137
mem[X,0x8000026E] -> 0xFF76
[98] [M]: 0x8000026C (0xFF76E137) lui sp, 1046382
x2 <- 0xFF76E000


mem[X,0x80000270] -> 0x0113
mem[X,0x80000272] -> 0xF561
[99] [M]: 0x80000270 (0xF5610113) addi sp, sp, 3926
x2 <- 0xFF76DF56


clint::tick mtime <- 0x0000000000000001
 clint timer pending at mtime 0x0000000000000001
htif::tick 0x0000000000000000
mem[X,0x80000274] -> 0x71B7
mem[X,0x80000276] -> 0x7FBB
[100] [M]: 0x80000274 (0x7FBB71B7) lui gp, 523191
x3 <- 0x7FBB7000


mem[X,0x80000278] -> 0x8193
mem[X,0x8000027A] -> 0xFAB1
[101] [M]: 0x80000278 (0xFAB18193) addi gp, gp, 4011
x3 <- 0x7FBB6FAB


mem[X,0x8000027C] -> 0xB237
mem[X,0x8000027E] -> 0xBFDD
[102] [M]: 0x8000027C (0xBFDDB237) lui tp, 785883
x4 <- 0xBFDDB000


mem[X,0x80000280] -> 0x0213
mem[X,0x80000282] -> 0x7D52
[103] [M]: 0x80000280 (0x7D520213) addi tp, tp, 2005
x4 <- 0xBFDDB7D5


mem[X,0x80000284] -> 0xE2B7
mem[X,0x80000286] -> 0xDFEE
[104] [M]: 0x80000284 (0xDFEEE2B7) lui t0, 917230
x5 <- 0xDFEEE000


mem[X,0x80000288] -> 0x8293
mem[X,0x8000028A] -> 0xBEA2
[105] [M]: 0x80000288 (0xBEA28293) addi t0, t0, 3050
x5 <- 0xDFEEDBEA


mem[X,0x8000028C] -> 0x7337
mem[X,0x8000028E] -> 0x6FF7
[106] [M]: 0x8000028C (0x6FF77337) lui t1, 458615
x6 <- 0x6FF77000


mem[X,0x80000290] -> 0x0313
mem[X,0x80000292] -> 0xDF53
[107] [M]: 0x80000290 (0xDF530313) addi t1, t1, 3573
x6 <- 0x6FF76DF5


mem[X,0x80000294] -> 0xB3B7
mem[X,0x80000296] -> 0xB7FB
[108] [M]: 0x80000294 (0xB7FBB3B7) lui t2, 753595
x7 <- 0xB7FBB000


mem[X,0x80000298] -> 0x8393
mem[X,0x8000029A] -> 0x6FA3
[109] [M]: 0x80000298 (0x6FA38393) addi t2, t2, 1786
x7 <- 0xB7FBB6FA


mem[X,0x8000029C] -> 0xE437
mem[X,0x8000029E] -> 0x5BFD
[110] [M]: 0x8000029C (0x5BFDE437) lui fp, 376798
x8 <- 0x5BFDE000


mem[X,0x800002A0] -> 0x0413
mem[X,0x800002A2] -> 0xB7D4
[111] [M]: 0x800002A0 (0xB7D40413) addi fp, fp, 2941
x8 <- 0x5BFDDB7D


mem[X,0x800002A4] -> 0xF4B7
mem[X,0x800002A6] -> 0xADFE
[112] [M]: 0x800002A4 (0xADFEF4B7) lui s1, 712687
x9 <- 0xADFEF000


mem[X,0x800002A8] -> 0x8493
mem[X,0x800002AA] -> 0xDBE4
[113] [M]: 0x800002A8 (0xDBE48493) addi s1, s1, 3518
x9 <- 0xADFEEDBE


mem[X,0x800002AC] -> 0x7537
mem[X,0x800002AE] -> 0x56FF
[114] [M]: 0x800002AC (0x56FF7537) lui a0, 356343
x10 <- 0x56FF7000


mem[X,0x800002B0] -> 0x0513
mem[X,0x800002B2] -> 0x6DF5
[115] [M]: 0x800002B0 (0x6DF50513) addi a0, a0, 1759
x10 <- 0x56FF76DF


mem[X,0x800002B4] -> 0xC5B7
mem[X,0x800002B6] -> 0xAB7F
[116] [M]: 0x800002B4 (0xAB7FC5B7) lui a1, 702460
x11 <- 0xAB7FC000


mem[X,0x800002B8] -> 0x8593
mem[X,0x800002BA] -> 0xB6F5
[117] [M]: 0x800002B8 (0xB6F58593) addi a1, a1, 2927
x11 <- 0xAB7FBB6F


mem[X,0x800002BC] -> 0xE637
mem[X,0x800002BE] -> 0xD5BF
[118] [M]: 0x800002BC (0xD5BFE637) lui a2, 875518
x12 <- 0xD5BFE000


mem[X,0x800002C0] -> 0x0613
mem[X,0x800002C2] -> 0xDB76
[119] [M]: 0x800002C0 (0xDB760613) addi a2, a2, 3511
x12 <- 0xD5BFDDB7


mem[X,0x800002C4] -> 0xF6B7
mem[X,0x800002C6] -> 0xEADF
[120] [M]: 0x800002C4 (0xEADFF6B7) lui a3, 962047
x13 <- 0xEADFF000


mem[X,0x800002C8] -> 0x8693
mem[X,0x800002CA] -> 0xEDB6
[121] [M]: 0x800002C8 (0xEDB68693) addi a3, a3, 3803
x13 <- 0xEADFEEDB


mem[X,0x800002CC] -> 0xF737
mem[X,0x800002CE] -> 0xF56F
[122] [M]: 0x800002CC (0xF56FF737) lui a4, 1005311
x14 <- 0xF56FF000


mem[X,0x800002D0] -> 0x0713
mem[X,0x800002D2] -> 0x76D7
[123] [M]: 0x800002D0 (0x76D70713) addi a4, a4, 1901
x14 <- 0xF56FF76D


mem[X,0x800002D4] -> 0x07B7
mem[X,0x800002D6] -> 0xFAB8
[124] [M]: 0x800002D4 (0xFAB807B7) lui a5, 1026944
x15 <- 0xFAB80000


mem[X,0x800002D8] -> 0x8793
mem[X,0x800002DA] -> 0xBB67
[125] [M]: 0x800002D8 (0xBB678793) addi a5, a5, 2998
x15 <- 0xFAB7FBB6


mem[X,0x800002DC] -> 0x0837
mem[X,0x800002DE] -> 0x7D5C
[126] [M]: 0x800002DC (0x7D5C0837) lui a6, 513472
x16 <- 0x7D5C0000


mem[X,0x800002E0] -> 0x0813
mem[X,0x800002E2] -> 0xDDB8
[127] [M]: 0x800002E0 (0xDDB80813) addi a6, a6, 3547
x16 <- 0x7D5BFDDB


mem[X,0x800002E4] -> 0x08B7
mem[X,0x800002E6] -> 0xBEAE
[128] [M]: 0x800002E4 (0xBEAE08B7) lui a7, 781024
x17 <- 0xBEAE0000


mem[X,0x800002E8] -> 0x8893
mem[X,0x800002EA] -> 0xEED8
[129] [M]: 0x800002E8 (0xEED88893) addi a7, a7, 3821
x17 <- 0xBEADFEED


mem[X,0x800002EC] -> 0x0937
mem[X,0x800002EE] -> 0xDF57
[130] [M]: 0x800002EC (0xDF570937) lui s2, 914800
x18 <- 0xDF570000


mem[X,0x800002F0] -> 0x0913
mem[X,0x800002F2] -> 0xF769
[131] [M]: 0x800002F0 (0xF7690913) addi s2, s2, 3958
x18 <- 0xDF56FF76


mem[X,0x800002F4] -> 0x89B7
mem[X,0x800002F6] -> 0x6FAB
[132] [M]: 0x800002F4 (0x6FAB89B7) lui s3, 457400
x19 <- 0x6FAB8000


mem[X,0x800002F8] -> 0x8993
mem[X,0x800002FA] -> 0xFBB9
[133] [M]: 0x800002F8 (0xFBB98993) addi s3, s3, 4027
x19 <- 0x6FAB7FBB


mem[X,0x800002FC] -> 0xCA37
mem[X,0x800002FE] -> 0xB7D5
[134] [M]: 0x800002FC (0xB7D5CA37) lui s4, 752988
x20 <- 0xB7D5C000


mem[X,0x80000300] -> 0x0A13
mem[X,0x80000302] -> 0xFDDA
[135] [M]: 0x80000300 (0xFDDA0A13) addi s4, s4, 4061
x20 <- 0xB7D5BFDD


mem[X,0x80000304] -> 0xEAB7
mem[X,0x80000306] -> 0xDBEA
[136] [M]: 0x80000304 (0xDBEAEAB7) lui s5, 900782
x21 <- 0xDBEAE000


mem[X,0x80000308] -> 0x8A93
mem[X,0x8000030A] -> 0xFEEA
[137] [M]: 0x80000308 (0xFEEA8A93) addi s5, s5, 4078
x21 <- 0xDBEADFEE


mem[X,0x8000030C] -> 0x7B37
mem[X,0x8000030E] -> 0x6DF5
[138] [M]: 0x8000030C (0x6DF57B37) lui s6, 450391
x22 <- 0x6DF57000


mem[X,0x80000310] -> 0x0B13
mem[X,0x80000312] -> 0xFF7B
[139] [M]: 0x80000310 (0xFF7B0B13) addi s6, s6, 4087
x22 <- 0x6DF56FF7


mem[X,0x80000314] -> 0xBBB7
mem[X,0x80000316] -> 0xB6FA
[140] [M]: 0x80000314 (0xB6FABBB7) lui s7, 749483
x23 <- 0xB6FAB000


mem[X,0x80000318] -> 0x8B93
mem[X,0x8000031A] -> 0x7FBB
[141] [M]: 0x80000318 (0x7FBB8B93) addi s7, s7, 2043
x23 <- 0xB6FAB7FB


mem[X,0x8000031C] -> 0x6C37
mem[X,0x8000031E] -> 0xDB7D
[142] [M]: 0x8000031C (0xDB7D6C37) lui s8, 899030
x24 <- 0xDB7D6000


mem[X,0x80000320] -> 0x0C13
mem[X,0x80000322] -> 0xBFDC
[143] [M]: 0x80000320 (0xBFDC0C13) addi s8, s8, 3069
x24 <- 0xDB7D5BFD


mem[X,0x80000324] -> 0xBCB7
mem[X,0x80000326] -> 0xEDBE
[144] [M]: 0x80000324 (0xEDBEBCB7) lui s9, 973803
x25 <- 0xEDBEB000


mem[X,0x80000328] -> 0x8C93
mem[X,0x8000032A] -> 0xDFEC
[145] [M]: 0x80000328 (0xDFEC8C93) addi s9, s9, 3582
x25 <- 0xEDBEADFE


mem[X,0x8000032C] -> 0x5D37
mem[X,0x8000032E] -> 0x76DF
[146] [M]: 0x8000032C (0x76DF5D37) lui s10, 486901
x26 <- 0x76DF5000


mem[X,0x80000330] -> 0x0D13
mem[X,0x80000332] -> 0x6FFD
[147] [M]: 0x80000330 (0x6FFD0D13) addi s10, s10, 1791
x26 <- 0x76DF56FF


mem[X,0x80000334] -> 0xBDB7
mem[X,0x80000336] -> 0xBB6F
[148] [M]: 0x80000334 (0xBB6FBDB7) lui s11, 767739
x27 <- 0xBB6FB000


mem[X,0x80000338] -> 0x8D93
mem[X,0x8000033A] -> 0xB7FD
[149] [M]: 0x80000338 (0xB7FD8D93) addi s11, s11, 2943
x27 <- 0xBB6FAB7F


mem[X,0x8000033C] -> 0xDE37
mem[X,0x8000033E] -> 0xDDB7
[150] [M]: 0x8000033C (0xDDB7DE37) lui t3, 908157
x28 <- 0xDDB7D000


mem[X,0x80000340] -> 0x0E13
mem[X,0x80000342] -> 0x5BFE
[151] [M]: 0x80000340 (0x5BFE0E13) addi t3, t3, 1471
x28 <- 0xDDB7D5BF


mem[X,0x80000344] -> 0xFEB7
mem[X,0x80000346] -> 0xEEDB
[152] [M]: 0x80000344 (0xEEDBFEB7) lui t4, 978367
x29 <- 0xEEDBF000


mem[X,0x80000348] -> 0x8E93
mem[X,0x8000034A] -> 0xADFE
[153] [M]: 0x80000348 (0xADFE8E93) addi t4, t4, 2783
x29 <- 0xEEDBEADF


mem[X,0x8000034C] -> 0xFF37
mem[X,0x8000034E] -> 0xF76D
[154] [M]: 0x8000034C (0xF76DFF37) lui t5, 1013471
x30 <- 0xF76DF000


mem[X,0x80000350] -> 0x0F13
mem[X,0x80000352] -> 0x56FF
[155] [M]: 0x80000350 (0x56FF0F13) addi t5, t5, 1391
x30 <- 0xF76DF56F


mem[X,0x80000354] -> 0x0FB7
mem[X,0x80000356] -> 0xFBB7
[156] [M]: 0x80000354 (0xFBB70FB7) lui t6, 1031024
x31 <- 0xFBB70000


mem[X,0x80000358] -> 0x8F93
mem[X,0x8000035A] -> 0xAB7F
[157] [M]: 0x80000358 (0xAB7F8F93) addi t6, t6, 2743
x31 <- 0xFBB6FAB7


mem[X,0x8000035C] -> 0x0013
mem[X,0x8000035E] -> 0x0000
[158] [M]: 0x8000035C (0x00000013) addi zero, zero, 0


mem[X,0x80000360] -> 0x2697
mem[X,0x80000362] -> 0x00C0
[159] [M]: 0x80000360 (0x00C02697) auipc a3, 3074
x13 <- 0x80C02360


mem[X,0x80000364] -> 0x8693
mem[X,0x80000366] -> 0xDB46
[160] [M]: 0x80000364 (0xDB468693) addi a3, a3, 3508
x13 <- 0x80C02114


mem[X,0x80000368] -> 0x0013
mem[X,0x8000036A] -> 0x0000
[161] [M]: 0x80000368 (0x00000013) addi zero, zero, 0


mem[X,0x8000036C] -> 0x0013
mem[X,0x8000036E] -> 0x0000
[162] [M]: 0x8000036C (0x00000013) addi zero, zero, 0


mem[X,0x80000370] -> 0x0013
mem[X,0x80000372] -> 0x0000
[163] [M]: 0x80000370 (0x00000013) addi zero, zero, 0


mem[X,0x80000374] -> 0x0013
mem[X,0x80000376] -> 0x0000
[164] [M]: 0x80000374 (0x00000013) addi zero, zero, 0


mem[X,0x80000378] -> 0x0013
mem[X,0x8000037A] -> 0x0000
[165] [M]: 0x80000378 (0x00000013) addi zero, zero, 0


mem[X,0x8000037C] -> 0x0013
mem[X,0x8000037E] -> 0x0000
[166] [M]: 0x8000037C (0x00000013) addi zero, zero, 0


mem[X,0x80000380] -> 0xD737
mem[X,0x80000382] -> 0x0000
[167] [M]: 0x80000380 (0x0000D737) lui a4, 13
x14 <- 0x0000D000


mem[X,0x80000384] -> 0x0713
mem[X,0x80000386] -> 0xEED7
[168] [M]: 0x80000384 (0xEED70713) addi a4, a4, 3821
x14 <- 0x0000CEED


mem[X,0x80000388] -> 0xA023
mem[X,0x8000038A] -> 0x00E6
[169] [M]: 0x80000388 (0x00E6A023) sw a4, 0(a3)
mem[0x80C02114] <- 0x0000CEED


mem[X,0x8000038C] -> 0xC737
mem[X,0x8000038E] -> 0x0000
[170] [M]: 0x8000038C (0x0000C737) lui a4, 12
x14 <- 0x0000C000


mem[X,0x80000390] -> 0x0713
mem[X,0x80000392] -> 0xEED7
[171] [M]: 0x80000390 (0xEED70713) addi a4, a4, 3821
x14 <- 0x0000BEED


mem[X,0x80000394] -> 0xA223
mem[X,0x80000396] -> 0x00E6
[172] [M]: 0x80000394 (0x00E6A223) sw a4, 4(a3)
mem[0x80C02118] <- 0x0000BEED


mem[X,0x80000398] -> 0x0393
mem[X,0x8000039A] -> 0xFFF0
[173] [M]: 0x80000398 (0xFFF00393) addi t2, zero, 4095
x7 <- 0xFFFFFFFF


mem[X,0x8000039C] -> 0x9073
mem[X,0x8000039E] -> 0x3B03
[174] [M]: 0x8000039C (0x3B039073) csrrw zero, pmpaddr0, t2
CSR pmpaddr0 -> 0x00000000
CSR pmpaddr0 <- 0xFFFFFFFF (input: 0xFFFFFFFF)


mem[X,0x800003A0] -> 0x0393
mem[X,0x800003A2] -> 0x00F0
[175] [M]: 0x800003A0 (0x00F00393) addi t2, zero, 15
x7 <- 0x0000000F


mem[X,0x800003A4] -> 0x9073
mem[X,0x800003A6] -> 0x3A03
[176] [M]: 0x800003A4 (0x3A039073) csrrw zero, pmpcfg0, t2
CSR pmpcfg0 -> 0x00000000
CSR pmpcfg0 <- 0x0000000F (input: 0x0000000F)


mem[X,0x800003A8] -> 0x1073
mem[X,0x800003AA] -> 0x1800
[177] [M]: 0x800003A8 (0x18001073) csrrw zero, satp, zero
CSR satp -> 0x80C01000
CSR satp <- 0x00000000 (input: 0x00000000)


mem[X,0x800003AC] -> 0x0013
mem[X,0x800003AE] -> 0x0000
[178] [M]: 0x800003AC (0x00000013) addi zero, zero, 0


mem[X,0x800003B0] -> 0x0013
mem[X,0x800003B2] -> 0x0000
[179] [M]: 0x800003B0 (0x00000013) addi zero, zero, 0


mem[X,0x800003B4] -> 0x0013
mem[X,0x800003B6] -> 0x0000
[180] [M]: 0x800003B4 (0x00000013) addi zero, zero, 0


mem[X,0x800003B8] -> 0x0013
mem[X,0x800003BA] -> 0x0000
[181] [M]: 0x800003B8 (0x00000013) addi zero, zero, 0


mem[X,0x800003BC] -> 0x0013
mem[X,0x800003BE] -> 0x0000
[182] [M]: 0x800003BC (0x00000013) addi zero, zero, 0


mem[X,0x800003C0] -> 0x0537
mem[X,0x800003C2] -> 0x8000
[183] [M]: 0x800003C0 (0x80000537) lui a0, 524288
x10 <- 0x80000000


mem[X,0x800003C4] -> 0x0013
mem[X,0x800003C6] -> 0x0000
[184] [M]: 0x800003C4 (0x00000013) addi zero, zero, 0


mem[X,0x800003C8] -> 0x0013
mem[X,0x800003CA] -> 0x0000
[185] [M]: 0x800003C8 (0x00000013) addi zero, zero, 0


mem[X,0x800003CC] -> 0x0013
mem[X,0x800003CE] -> 0x0000
[186] [M]: 0x800003CC (0x00000013) addi zero, zero, 0


mem[X,0x800003D0] -> 0x0013
mem[X,0x800003D2] -> 0x0000
[187] [M]: 0x800003D0 (0x00000013) addi zero, zero, 0


mem[X,0x800003D4] -> 0x0013
mem[X,0x800003D6] -> 0x0000
[188] [M]: 0x800003D4 (0x00000013) addi zero, zero, 0


mem[X,0x800003D8] -> 0x0013
mem[X,0x800003DA] -> 0x0000
[189] [M]: 0x800003D8 (0x00000013) addi zero, zero, 0


mem[X,0x800003DC] -> 0x0013
mem[X,0x800003DE] -> 0x0000
[190] [M]: 0x800003DC (0x00000013) addi zero, zero, 0


mem[X,0x800003E0] -> 0x0593
mem[X,0x800003E2] -> 0x0FF0
[191] [M]: 0x800003E0 (0x0FF00593) addi a1, zero, 255
x11 <- 0x000000FF


mem[X,0x800003E4] -> 0x5513
mem[X,0x800003E6] -> 0x00C5
[192] [M]: 0x800003E4 (0x00C55513) srli a0, a0, 12
x10 <- 0x00080000


mem[X,0x800003E8] -> 0x1513
mem[X,0x800003EA] -> 0x00A5
[193] [M]: 0x800003E8 (0x00A51513) slli a0, a0, 10
x10 <- 0x20000000


mem[X,0x800003EC] -> 0x6533
mem[X,0x800003EE] -> 0x00B5
[194] [M]: 0x800003EC (0x00B56533) or a0, a0, a1
x10 <- 0x200000FF


mem[X,0x800003F0] -> 0x0013
mem[X,0x800003F2] -> 0x0000
[195] [M]: 0x800003F0 (0x00000013) addi zero, zero, 0


mem[X,0x800003F4] -> 0x0013
mem[X,0x800003F6] -> 0x0000
[196] [M]: 0x800003F4 (0x00000013) addi zero, zero, 0


mem[X,0x800003F8] -> 0x0013
mem[X,0x800003FA] -> 0x0000
[197] [M]: 0x800003F8 (0x00000013) addi zero, zero, 0


mem[X,0x800003FC] -> 0x0013
mem[X,0x800003FE] -> 0x0000
[198] [M]: 0x800003FC (0x00000013) addi zero, zero, 0


mem[X,0x80000400] -> 0x1317
mem[X,0x80000402] -> 0x00C0
[199] [M]: 0x80000400 (0x00C01317) auipc t1, 3073
x6 <- 0x80C01400


clint::tick mtime <- 0x0000000000000002
 clint timer pending at mtime 0x0000000000000002
htif::tick 0x0000000000000000
mem[X,0x80000404] -> 0x0313
mem[X,0x80000406] -> 0xC003
[200] [M]: 0x80000404 (0xC0030313) addi t1, t1, 3072
x6 <- 0x80C01000


mem[X,0x80000408] -> 0x0013
mem[X,0x8000040A] -> 0x0000
[201] [M]: 0x80000408 (0x00000013) addi zero, zero, 0


mem[X,0x8000040C] -> 0x0013
mem[X,0x8000040E] -> 0x0000
[202] [M]: 0x8000040C (0x00000013) addi zero, zero, 0


mem[X,0x80000410] -> 0x0013
mem[X,0x80000412] -> 0x0000
[203] [M]: 0x80000410 (0x00000013) addi zero, zero, 0


mem[X,0x80000414] -> 0x0013
mem[X,0x80000416] -> 0x0000
[204] [M]: 0x80000414 (0x00000013) addi zero, zero, 0


mem[X,0x80000418] -> 0x0013
mem[X,0x8000041A] -> 0x0000
[205] [M]: 0x80000418 (0x00000013) addi zero, zero, 0


mem[X,0x8000041C] -> 0x0013
mem[X,0x8000041E] -> 0x0000
[206] [M]: 0x8000041C (0x00000013) addi zero, zero, 0


mem[X,0x80000420] -> 0x12B7
mem[X,0x80000422] -> 0x0000
[207] [M]: 0x80000420 (0x000012B7) lui t0, 1
x5 <- 0x00001000


mem[X,0x80000424] -> 0x8293
mem[X,0x80000426] -> 0x9002
[208] [M]: 0x80000424 (0x90028293) addi t0, t0, 2304
x5 <- 0x00000900


mem[X,0x80000428] -> 0x0333
mem[X,0x8000042A] -> 0x0053
[209] [M]: 0x80000428 (0x00530333) add t1, t1, t0
x6 <- 0x80C01900


mem[X,0x8000042C] -> 0x2023
mem[X,0x8000042E] -> 0x00A3
[210] [M]: 0x8000042C (0x00A32023) sw a0, 0(t1)
mem[0x80C01900] <- 0x200000FF


mem[X,0x80000430] -> 0x0013
mem[X,0x80000432] -> 0x0000
[211] [M]: 0x80000430 (0x00000013) addi zero, zero, 0


mem[X,0x80000434] -> 0x0013
mem[X,0x80000436] -> 0x0000
[212] [M]: 0x80000434 (0x00000013) addi zero, zero, 0


mem[X,0x80000438] -> 0x0013
mem[X,0x8000043A] -> 0x0000
[213] [M]: 0x80000438 (0x00000013) addi zero, zero, 0


mem[X,0x8000043C] -> 0x0013
mem[X,0x8000043E] -> 0x0000
[214] [M]: 0x8000043C (0x00000013) addi zero, zero, 0


mem[X,0x80000440] -> 0x0517
mem[X,0x80000442] -> 0x0080
[215] [M]: 0x80000440 (0x00800517) auipc a0, 2048
x10 <- 0x80800440


mem[X,0x80000444] -> 0x0513
mem[X,0x80000446] -> 0xBC05
[216] [M]: 0x80000444 (0xBC050513) addi a0, a0, 3008
x10 <- 0x80800000


mem[X,0x80000448] -> 0x0013
mem[X,0x8000044A] -> 0x0000
[217] [M]: 0x80000448 (0x00000013) addi zero, zero, 0


mem[X,0x8000044C] -> 0x0013
mem[X,0x8000044E] -> 0x0000
[218] [M]: 0x8000044C (0x00000013) addi zero, zero, 0


mem[X,0x80000450] -> 0x0013
mem[X,0x80000452] -> 0x0000
[219] [M]: 0x80000450 (0x00000013) addi zero, zero, 0


mem[X,0x80000454] -> 0x0013
mem[X,0x80000456] -> 0x0000
[220] [M]: 0x80000454 (0x00000013) addi zero, zero, 0


mem[X,0x80000458] -> 0x0013
mem[X,0x8000045A] -> 0x0000
[221] [M]: 0x80000458 (0x00000013) addi zero, zero, 0


mem[X,0x8000045C] -> 0x0013
mem[X,0x8000045E] -> 0x0000
[222] [M]: 0x8000045C (0x00000013) addi zero, zero, 0


mem[X,0x80000460] -> 0x0593
mem[X,0x80000462] -> 0x0FD0
[223] [M]: 0x80000460 (0x0FD00593) addi a1, zero, 253
x11 <- 0x000000FD


mem[X,0x80000464] -> 0x5513
mem[X,0x80000466] -> 0x00C5
[224] [M]: 0x80000464 (0x00C55513) srli a0, a0, 12
x10 <- 0x00080800


mem[X,0x80000468] -> 0x1513
mem[X,0x8000046A] -> 0x00A5
[225] [M]: 0x80000468 (0x00A51513) slli a0, a0, 10
x10 <- 0x20200000


mem[X,0x8000046C] -> 0x6533
mem[X,0x8000046E] -> 0x00B5
[226] [M]: 0x8000046C (0x00B56533) or a0, a0, a1
x10 <- 0x202000FD


mem[X,0x80000470] -> 0x0013
mem[X,0x80000472] -> 0x0000
[227] [M]: 0x80000470 (0x00000013) addi zero, zero, 0


mem[X,0x80000474] -> 0x0013
mem[X,0x80000476] -> 0x0000
[228] [M]: 0x80000474 (0x00000013) addi zero, zero, 0


mem[X,0x80000478] -> 0x0013
mem[X,0x8000047A] -> 0x0000
[229] [M]: 0x80000478 (0x00000013) addi zero, zero, 0


mem[X,0x8000047C] -> 0x0013
mem[X,0x8000047E] -> 0x0000
[230] [M]: 0x8000047C (0x00000013) addi zero, zero, 0


mem[X,0x80000480] -> 0x1317
mem[X,0x80000482] -> 0x00C0
[231] [M]: 0x80000480 (0x00C01317) auipc t1, 3073
x6 <- 0x80C01480


mem[X,0x80000484] -> 0x0313
mem[X,0x80000486] -> 0xB803
[232] [M]: 0x80000484 (0xB8030313) addi t1, t1, 2944
x6 <- 0x80C01000


mem[X,0x80000488] -> 0x0013
mem[X,0x8000048A] -> 0x0000
[233] [M]: 0x80000488 (0x00000013) addi zero, zero, 0


mem[X,0x8000048C] -> 0x0013
mem[X,0x8000048E] -> 0x0000
[234] [M]: 0x8000048C (0x00000013) addi zero, zero, 0


mem[X,0x80000490] -> 0x0013
mem[X,0x80000492] -> 0x0000
[235] [M]: 0x80000490 (0x00000013) addi zero, zero, 0


mem[X,0x80000494] -> 0x0013
mem[X,0x80000496] -> 0x0000
[236] [M]: 0x80000494 (0x00000013) addi zero, zero, 0


mem[X,0x80000498] -> 0x0013
mem[X,0x8000049A] -> 0x0000
[237] [M]: 0x80000498 (0x00000013) addi zero, zero, 0


mem[X,0x8000049C] -> 0x0013
mem[X,0x8000049E] -> 0x0000
[238] [M]: 0x8000049C (0x00000013) addi zero, zero, 0


mem[X,0x800004A0] -> 0x12B7
mem[X,0x800004A2] -> 0x0000
[239] [M]: 0x800004A0 (0x000012B7) lui t0, 1
x5 <- 0x00001000


mem[X,0x800004A4] -> 0x8293
mem[X,0x800004A6] -> 0x9102
[240] [M]: 0x800004A4 (0x91028293) addi t0, t0, 2320
x5 <- 0x00000910


mem[X,0x800004A8] -> 0x0333
mem[X,0x800004AA] -> 0x0053
[241] [M]: 0x800004A8 (0x00530333) add t1, t1, t0
x6 <- 0x80C01910


mem[X,0x800004AC] -> 0x2023
mem[X,0x800004AE] -> 0x00A3
[242] [M]: 0x800004AC (0x00A32023) sw a0, 0(t1)
mem[0x80C01910] <- 0x202000FD


mem[X,0x800004B0] -> 0x0013
mem[X,0x800004B2] -> 0x0000
[243] [M]: 0x800004B0 (0x00000013) addi zero, zero, 0


mem[X,0x800004B4] -> 0x0013
mem[X,0x800004B6] -> 0x0000
[244] [M]: 0x800004B4 (0x00000013) addi zero, zero, 0


mem[X,0x800004B8] -> 0x0013
mem[X,0x800004BA] -> 0x0000
[245] [M]: 0x800004B8 (0x00000013) addi zero, zero, 0


mem[X,0x800004BC] -> 0x0013
mem[X,0x800004BE] -> 0x0000
[246] [M]: 0x800004BC (0x00000013) addi zero, zero, 0


mem[X,0x800004C0] -> 0x1F97
mem[X,0x800004C2] -> 0x00C0
[247] [M]: 0x800004C0 (0x00C01F97) auipc t6, 3073
x31 <- 0x80C014C0


mem[X,0x800004C4] -> 0x8F93
mem[X,0x800004C6] -> 0xB40F
[248] [M]: 0x800004C4 (0xB40F8F93) addi t6, t6, 2880
x31 <- 0x80C01000


mem[X,0x800004C8] -> 0x0013
mem[X,0x800004CA] -> 0x0000
[249] [M]: 0x800004C8 (0x00000013) addi zero, zero, 0


mem[X,0x800004CC] -> 0x0013
mem[X,0x800004CE] -> 0x0000
[250] [M]: 0x800004CC (0x00000013) addi zero, zero, 0


mem[X,0x800004D0] -> 0x0013
mem[X,0x800004D2] -> 0x0000
[251] [M]: 0x800004D0 (0x00000013) addi zero, zero, 0


mem[X,0x800004D4] -> 0x0013
mem[X,0x800004D6] -> 0x0000
[252] [M]: 0x800004D4 (0x00000013) addi zero, zero, 0


mem[X,0x800004D8] -> 0x0013
mem[X,0x800004DA] -> 0x0000
[253] [M]: 0x800004D8 (0x00000013) addi zero, zero, 0


mem[X,0x800004DC] -> 0x0013
mem[X,0x800004DE] -> 0x0000
[254] [M]: 0x800004DC (0x00000013) addi zero, zero, 0


mem[X,0x800004E0] -> 0x0F37
mem[X,0x800004E2] -> 0x8000
[255] [M]: 0x800004E0 (0x80000F37) lui t5, 524288
x30 <- 0x80000000


mem[X,0x800004E4] -> 0xDF93
mem[X,0x800004E6] -> 0x00CF
[256] [M]: 0x800004E4 (0x00CFDF93) srli t6, t6, 12
x31 <- 0x00080C01


mem[X,0x800004E8] -> 0xEFB3
mem[X,0x800004EA] -> 0x01EF
[257] [M]: 0x800004E8 (0x01EFEFB3) or t6, t6, t5
x31 <- 0x80080C01


mem[X,0x800004EC] -> 0x9073
mem[X,0x800004EE] -> 0x180F
[258] [M]: 0x800004EC (0x180F9073) csrrw zero, satp, t6
CSR satp -> 0x00000000
CSR satp <- 0x80080C01 (input: 0x80080C01)


mem[X,0x800004F0] -> 0x02B7
mem[X,0x800004F2] -> 0x9000
[259] [M]: 0x800004F0 (0x900002B7) lui t0, 589824
x5 <- 0x90000000


mem[X,0x800004F4] -> 0x0337
mem[X,0x800004F6] -> 0x8000
[260] [M]: 0x800004F4 (0x80000337) lui t1, 524288
x6 <- 0x80000000


mem[X,0x800004F8] -> 0x82B3
mem[X,0x800004FA] -> 0x4062
[261] [M]: 0x800004F8 (0x406282B3) sub t0, t0, t1
x5 <- 0x10000000


mem[X,0x800004FC] -> 0x2173
mem[X,0x800004FE] -> 0x3400
[262] [M]: 0x800004FC (0x34002173) csrrs sp, mscratch, zero
CSR mscratch -> 0x80400000
x2 <- 0x80400000


mem[X,0x80000500] -> 0x0333
mem[X,0x80000502] -> 0x0051
[263] [M]: 0x80000500 (0x00510333) add t1, sp, t0
x6 <- 0x90400000


mem[X,0x80000504] -> 0x1073
mem[X,0x80000506] -> 0x1403
[264] [M]: 0x80000504 (0x14031073) csrrw zero, sscratch, t1
CSR sscratch -> 0x804001F8
CSR sscratch <- 0x90400000 (input: 0x90400000)


mem[X,0x80000508] -> 0x2303
mem[X,0x8000050A] -> 0x1581
[265] [M]: 0x80000508 (0x15812303) lw t1, 344(sp)
mem[R,0x80400158] -> 0x8000035C
x6 <- 0x8000035C


mem[X,0x8000050C] -> 0x03B3
mem[X,0x8000050E] -> 0x0053
[266] [M]: 0x8000050C (0x005303B3) add t2, t1, t0
x7 <- 0x9000035C


mem[X,0x80000510] -> 0x2823
mem[X,0x80000512] -> 0x3471
[267] [M]: 0x80000510 (0x34712823) sw t2, 848(sp)
mem[0x80400350] <- 0x9000035C


mem[X,0x80000514] -> 0x2423
mem[X,0x80000516] -> 0x5471
[268] [M]: 0x80000514 (0x54712423) sw t2, 1352(sp)
mem[0x80400548] <- 0x9000035C


mem[X,0x80000518] -> 0x2303
mem[X,0x8000051A] -> 0x1681
[269] [M]: 0x80000518 (0x16812303) lw t1, 360(sp)
mem[R,0x80400168] -> 0x804003F0
x6 <- 0x804003F0


mem[X,0x8000051C] -> 0x03B3
mem[X,0x8000051E] -> 0x0053
[270] [M]: 0x8000051C (0x005303B3) add t2, t1, t0
x7 <- 0x904003F0


mem[X,0x80000520] -> 0x2023
mem[X,0x80000522] -> 0x3671
[271] [M]: 0x80000520 (0x36712023) sw t2, 864(sp)
mem[0x80400360] <- 0x904003F0


mem[X,0x80000524] -> 0x2C23
mem[X,0x80000526] -> 0x5471
[272] [M]: 0x80000524 (0x54712C23) sw t2, 1368(sp)
mem[0x80400558] <- 0x904003F0


mem[X,0x80000528] -> 0x2303
mem[X,0x8000052A] -> 0x1781
[273] [M]: 0x80000528 (0x17812303) lw t1, 376(sp)
mem[R,0x80400178] -> 0x80C02110
x6 <- 0x80C02110


mem[X,0x8000052C] -> 0x03B3
mem[X,0x8000052E] -> 0x0053
[274] [M]: 0x8000052C (0x005303B3) add t2, t1, t0
x7 <- 0x90C02110


mem[X,0x80000530] -> 0x2823
mem[X,0x80000532] -> 0x3671
[275] [M]: 0x80000530 (0x36712823) sw t2, 880(sp)
mem[0x80400370] <- 0x90C02110


mem[X,0x80000534] -> 0x2423
mem[X,0x80000536] -> 0x5671
[276] [M]: 0x80000534 (0x56712423) sw t2, 1384(sp)
mem[0x80400568] <- 0x90C02110


mem[X,0x80000538] -> 0x0073
mem[X,0x8000053A] -> 0x1200
[277] [M]: 0x80000538 (0x12000073) sfence.vma zero, zero


mem[X,0x8000053C] -> 0x24B7
mem[X,0x8000053E] -> 0x0000
[278] [M]: 0x8000053C (0x000024B7) lui s1, 2
x9 <- 0x00002000


mem[X,0x80000540] -> 0x8493
mem[X,0x80000542] -> 0x8004
[279] [M]: 0x80000540 (0x80048493) addi s1, s1, 2048
x9 <- 0x00001800


mem[X,0x80000544] -> 0xB073
mem[X,0x80000546] -> 0x3004
[280] [M]: 0x80000544 (0x3004B073) csrrc zero, mstatus, s1
CSR mstatus -> 0x00000000
CSR mstatus <- 0x00000000 (input: 0x00000000)


mem[X,0x80000548] -> 0x2173
mem[X,0x8000054A] -> 0x3400
[281] [M]: 0x80000548 (0x34002173) csrrs sp, mscratch, zero
CSR mscratch -> 0x80400000
x2 <- 0x80400000


mem[X,0x8000054C] -> 0x2303
mem[X,0x8000054E] -> 0x1581
[282] [M]: 0x8000054C (0x15812303) lw t1, 344(sp)
mem[R,0x80400158] -> 0x8000035C
x6 <- 0x8000035C


mem[X,0x80000550] -> 0x2483
mem[X,0x80000552] -> 0x1581
[283] [M]: 0x80000550 (0x15812483) lw s1, 344(sp)
mem[R,0x80400158] -> 0x8000035C
x9 <- 0x8000035C


mem[X,0x80000554] -> 0x0333
mem[X,0x80000556] -> 0x4093
[284] [M]: 0x80000554 (0x40930333) sub t1, t1, s1
x6 <- 0x00000000


mem[X,0x80000558] -> 0x0313
mem[X,0x8000055A] -> 0x0103
[285] [M]: 0x80000558 (0x01030313) addi t1, t1, 16
x6 <- 0x00000010


mem[X,0x8000055C] -> 0x0497
mem[X,0x8000055E] -> 0x0000
[286] [M]: 0x8000055C (0x00000497) auipc s1, 0
x9 <- 0x8000055C


mem[X,0x80000560] -> 0x84B3
mem[X,0x80000562] -> 0x0064
[287] [M]: 0x80000560 (0x006484B3) add s1, s1, t1
x9 <- 0x8000056C


mem[X,0x80000564] -> 0x94F3
mem[X,0x80000566] -> 0x3414
[288] [M]: 0x80000564 (0x341494F3) csrrw s1, mepc, s1
CSR mepc -> 0x00000000
CSR mepc <- 0x8000056C (input: 0x8000056C)
x9 <- 0x00000000


mem[X,0x80000568] -> 0x0073
mem[X,0x8000056A] -> 0x3020
[289] [M]: 0x80000568 (0x30200073) mret
CSR mstatus <- 0x00000080
ret-ing from M to U


mem[R,0x80C01800] -> 0x0000003F
trapping from U to M to handle fetch-page-fault
handling exc#0x0C at priv M with tval 0x8000056C
CSR mstatus <- 0x00000000


mem[X,0x80000680] -> 0x006F
mem[X,0x80000682] -> 0x0800
[290] [M]: 0x80000680 (0x0800006F) jal zero, 128


mem[X,0x80000700] -> 0x1173
mem[X,0x80000702] -> 0x3401
[291] [M]: 0x80000700 (0x34011173) csrrw sp, mscratch, sp
CSR mscratch -> 0x80400000
CSR mscratch <- 0x80400000 (input: 0x80400000)
x2 <- 0x80400000


mem[X,0x80000704] -> 0x2823
mem[X,0x80000706] -> 0x1EB1
[292] [M]: 0x80000704 (0x1EB12823) sw a1, 496(sp)
mem[0x804001F0] <- 0x000000FD


mem[X,0x80000708] -> 0x05EF
mem[X,0x8000070A] -> 0x0B80
[293] [M]: 0x80000708 (0x0B8005EF) jal a1, 184
x11 <- 0x8000070C


mem[X,0x800007C0] -> 0x2623
mem[X,0x800007C2] -> 0x1EA1
[294] [M]: 0x800007C0 (0x1EA12623) sw a0, 492(sp)
mem[0x804001EC] <- 0x202000FD


mem[X,0x800007C4] -> 0x1573
mem[X,0x800007C6] -> 0x3401
[295] [M]: 0x800007C4 (0x34011573) csrrw a0, mscratch, sp
CSR mscratch -> 0x80400000
CSR mscratch <- 0x80400000 (input: 0x80400000)
x10 <- 0x80400000


mem[X,0x800007C8] -> 0x2A23
mem[X,0x800007CA] -> 0x1EA1
[296] [M]: 0x800007C8 (0x1EA12A23) sw a0, 500(sp)
mem[0x804001F4] <- 0x80400000


mem[X,0x800007CC] -> 0x2503
mem[X,0x800007CE] -> 0x1B01
[297] [M]: 0x800007CC (0x1B012503) lw a0, 432(sp)
mem[R,0x804001B0] -> 0x800007D4
x10 <- 0x800007D4


mem[X,0x800007D0] -> 0x0067
mem[X,0x800007D2] -> 0x0005
[298] [M]: 0x800007D0 (0x00050067) jalr zero, a0, 0


mem[X,0x800007D4] -> 0x2423
mem[X,0x800007D6] -> 0x1E91
[299] [M]: 0x800007D4 (0x1E912423) sw s1, 488(sp)
mem[0x804001E8] <- 0x00000000


clint::tick mtime <- 0x0000000000000003
 clint timer pending at mtime 0x0000000000000003
htif::tick 0x0000000000000000
mem[X,0x800007D8] -> 0x2223
mem[X,0x800007DA] -> 0x1E81
[300] [M]: 0x800007D8 (0x1E812223) sw fp, 484(sp)
mem[0x804001E4] <- 0x5BFDDB7D


mem[X,0x800007DC] -> 0x2023
mem[X,0x800007DE] -> 0x1E71
[301] [M]: 0x800007DC (0x1E712023) sw t2, 480(sp)
mem[0x804001E0] <- 0x90C02110


mem[X,0x800007E0] -> 0x2E23
mem[X,0x800007E2] -> 0x1C61
[302] [M]: 0x800007E0 (0x1C612E23) sw t1, 476(sp)
mem[0x804001DC] <- 0x00000010


mem[X,0x800007E4] -> 0x2573
mem[X,0x800007E6] -> 0x3420
[303] [M]: 0x800007E4 (0x34202573) csrrs a0, mcause, zero
CSR mcause -> 0x0000000C
x10 <- 0x0000000C


mem[X,0x800007E8] -> 0x0493
mem[X,0x800007EA] -> 0xFF85
[304] [M]: 0x800007E8 (0xFF850493) addi s1, a0, 4088
x9 <- 0x00000004


mem[X,0x800007EC] -> 0xF493
mem[X,0x800007EE] -> 0xFFC4
[305] [M]: 0x800007EC (0xFFC4F493) andi s1, s1, 4092
x9 <- 0x00000004


mem[X,0x800007F0] -> 0x9663
mem[X,0x800007F2] -> 0x0004
[306] [M]: 0x800007F0 (0x00049663) bne s1, zero, 12


mem[X,0x800007FC] -> 0x0393
mem[X,0x800007FE] -> 0x0100
[307] [M]: 0x800007FC (0x01000393) addi t2, zero, 16
x7 <- 0x00000010


mem[X,0x80000800] -> 0x5263
mem[X,0x80000802] -> 0x0405
[308] [M]: 0x80000800 (0x04055263) bge a0, zero, 68


mem[X,0x80000844] -> 0x2373
mem[X,0x80000846] -> 0x3010
[309] [M]: 0x80000844 (0x30102373) csrrs t1, misa, zero
CSR misa -> 0x4014112D
x6 <- 0x4014112D


mem[X,0x80000848] -> 0x1313
mem[X,0x8000084A] -> 0x0183
[310] [M]: 0x80000848 (0x01831313) slli t1, t1, 24
x6 <- 0x2D000000


mem[X,0x8000084C] -> 0x5463
mem[X,0x8000084E] -> 0x0003
[311] [M]: 0x8000084C (0x00035463) bge t1, zero, 8


mem[X,0x80000854] -> 0x2303
mem[X,0x80000856] -> 0x1981
[312] [M]: 0x80000854 (0x19812303) lw t1, 408(sp)
mem[R,0x80400198] -> 0x80C02194
x6 <- 0x80C02194


mem[X,0x80000858] -> 0x04B3
mem[X,0x8000085A] -> 0x0073
[313] [M]: 0x80000858 (0x007304B3) add s1, t1, t2
x9 <- 0x80C021A4


mem[X,0x8000085C] -> 0x2C23
mem[X,0x8000085E] -> 0x1891
[314] [M]: 0x8000085C (0x18912C23) sw s1, 408(sp)
mem[0x80400198] <- 0x80C021A4


mem[X,0x80000860] -> 0x2403
mem[X,0x80000862] -> 0x1C01
[315] [M]: 0x80000860 (0x1C012403) lw fp, 448(sp)
mem[R,0x804001C0] -> 0x80000680
x8 <- 0x80000680


mem[X,0x80000864] -> 0x85B3
mem[X,0x80000866] -> 0x4085
[316] [M]: 0x80000864 (0x408585B3) sub a1, a1, fp
x11 <- 0x0000008C


mem[X,0x80000868] -> 0x9593
mem[X,0x8000086A] -> 0x0045
[317] [M]: 0x80000868 (0x00459593) slli a1, a1, 4
x11 <- 0x000008C0


mem[X,0x8000086C] -> 0xE5B3
mem[X,0x8000086E] -> 0x0075
[318] [M]: 0x8000086C (0x0075E5B3) or a1, a1, t2
x11 <- 0x000008D0


mem[X,0x80000870] -> 0x8593
mem[X,0x80000872] -> 0x0035
[319] [M]: 0x80000870 (0x00358593) addi a1, a1, 3
x11 <- 0x000008D3


mem[X,0x80000874] -> 0x2023
mem[X,0x80000876] -> 0x00B3
[320] [M]: 0x80000874 (0x00B32023) sw a1, 0(t1)
mem[0x80C02194] <- 0x000008D3


mem[X,0x80000878] -> 0x2223
mem[X,0x8000087A] -> 0x00A3
[321] [M]: 0x80000878 (0x00A32223) sw a0, 4(t1)
mem[0x80C02198] <- 0x0000000C


mem[X,0x8000087C] -> 0x4663
mem[X,0x8000087E] -> 0x1205
[322] [M]: 0x8000087C (0x12054663) blt a0, zero, 300


mem[X,0x80000880] -> 0x0493
mem[X,0x80000882] -> 0x0001
[323] [M]: 0x80000880 (0x00010493) addi s1, sp, 0
x9 <- 0x80400000


mem[X,0x80000884] -> 0x25F3
mem[X,0x80000886] -> 0x3000
[324] [M]: 0x80000884 (0x300025F3) csrrs a1, mstatus, zero
CSR mstatus -> 0x00000000
x11 <- 0x00000000


mem[X,0x80000888] -> 0x9413
mem[X,0x8000088A] -> 0x0135
[325] [M]: 0x80000888 (0x01359413) slli fp, a1, 19
x8 <- 0x00000000


mem[X,0x8000088C] -> 0x4C63
mem[X,0x8000088E] -> 0x0004
[326] [M]: 0x8000088C (0x00044C63) blt fp, zero, 24


mem[X,0x80000890] -> 0x8493
mem[X,0x80000892] -> 0x1F84
[327] [M]: 0x80000890 (0x1F848493) addi s1, s1, 504
x9 <- 0x804001F8


mem[X,0x80000894] -> 0x25F3
mem[X,0x80000896] -> 0x3100
[328] [M]: 0x80000894 (0x310025F3) csrrs a1, 784, zero
CSR 784 -> 0x00000000
x11 <- 0x00000000


mem[X,0x80000898] -> 0x9593
mem[X,0x8000089A] -> 0x0185
[329] [M]: 0x80000898 (0x01859593) slli a1, a1, 24
x11 <- 0x00000000


mem[X,0x8000089C] -> 0xD463
mem[X,0x8000089E] -> 0x0005
[330] [M]: 0x8000089C (0x0005D463) bge a1, zero, 8


mem[X,0x800008A4] -> 0x23F3
mem[X,0x800008A6] -> 0x3410
[331] [M]: 0x800008A4 (0x341023F3) csrrs t2, mepc, zero
CSR mepc -> 0x8000056C
x7 <- 0x8000056C


mem[X,0x800008A8] -> 0xA403
mem[X,0x800008AA] -> 0x1884
[332] [M]: 0x800008A8 (0x1884A403) lw fp, 392(s1)
mem[R,0x80400380] -> 0x804003F0
x8 <- 0x804003F0


mem[X,0x800008AC] -> 0xA583
mem[X,0x800008AE] -> 0x1904
[333] [M]: 0x800008AC (0x1904A583) lw a1, 400(s1)
mem[R,0x80400388] -> 0x00801C10
x11 <- 0x00801C10


mem[X,0x800008B0] -> 0x85B3
mem[X,0x800008B2] -> 0x0085
[334] [M]: 0x800008B0 (0x008585B3) add a1, a1, fp
x11 <- 0x80C02000


mem[X,0x800008B4] -> 0xF463
mem[X,0x800008B6] -> 0x00B3
[335] [M]: 0x800008B4 (0x00B3F463) bgeu t2, a1, 8


mem[X,0x800008B8] -> 0xF663
mem[X,0x800008BA] -> 0x0283
[336] [M]: 0x800008B8 (0x0283F663) bgeu t2, fp, 44


mem[X,0x800008BC] -> 0xA403
mem[X,0x800008BE] -> 0x1584
[337] [M]: 0x800008BC (0x1584A403) lw fp, 344(s1)
mem[R,0x80400350] -> 0x9000035C
x8 <- 0x9000035C


mem[X,0x800008C0] -> 0xA583
mem[X,0x800008C2] -> 0x1604
[338] [M]: 0x800008C0 (0x1604A583) lw a1, 352(s1)
mem[R,0x80400358] -> 0x00000264
x11 <- 0x00000264


mem[X,0x800008C4] -> 0x85B3
mem[X,0x800008C6] -> 0x0085
[339] [M]: 0x800008C4 (0x008585B3) add a1, a1, fp
x11 <- 0x900005C0


mem[X,0x800008C8] -> 0xF463
mem[X,0x800008CA] -> 0x00B3
[340] [M]: 0x800008C8 (0x00B3F463) bgeu t2, a1, 8


mem[X,0x800008CC] -> 0xFC63
mem[X,0x800008CE] -> 0x0083
[341] [M]: 0x800008CC (0x0083FC63) bgeu t2, fp, 24


mem[X,0x800008D0] -> 0xA403
mem[X,0x800008D2] -> 0x1684
[342] [M]: 0x800008D0 (0x1684A403) lw fp, 360(s1)
mem[R,0x80400360] -> 0x904003F0
x8 <- 0x904003F0


mem[X,0x800008D4] -> 0xA583
mem[X,0x800008D6] -> 0x1704
[343] [M]: 0x800008D4 (0x1704A583) lw a1, 368(s1)
mem[R,0x80400368] -> 0x00801C10
x11 <- 0x00801C10


mem[X,0x800008D8] -> 0x85B3
mem[X,0x800008DA] -> 0x0085
[344] [M]: 0x800008D8 (0x008585B3) add a1, a1, fp
x11 <- 0x90C02000


mem[X,0x800008DC] -> 0xF6E3
mem[X,0x800008DE] -> 0xCEB3
[345] [M]: 0x800008DC (0xCEB3F6E3) bgeu t2, a1, 7404


mem[X,0x800008E0] -> 0xE4E3
mem[X,0x800008E2] -> 0xCE83
[346] [M]: 0x800008E0 (0xCE83E4E3) bltu t2, fp, 7400


mem[X,0x800005C8] -> 0x2373
mem[X,0x800005CA] -> 0x3400
[347] [M]: 0x800005C8 (0x34002373) csrrs t1, mscratch, zero
CSR mscratch -> 0x80400000
x6 <- 0x80400000


mem[X,0x800005CC] -> 0x0313
mem[X,0x800005CE] -> 0x1F83
[348] [M]: 0x800005CC (0x1F830313) addi t1, t1, 504
x6 <- 0x804001F8


mem[X,0x800005D0] -> 0x2383
mem[X,0x800005D2] -> 0x1B83
[349] [M]: 0x800005D0 (0x1B832383) lw t2, 440(t1)
mem[R,0x804003B0] -> 0x00000000
x7 <- 0x00000000


mem[X,0x800005D4] -> 0x2383
mem[X,0x800005D6] -> 0x1A03
[350] [M]: 0x800005D4 (0x1A032383) lw t2, 416(t1)
mem[R,0x80400398] -> 0x00000000
x7 <- 0x00000000


mem[X,0x800005D8] -> 0x9073
mem[X,0x800005DA] -> 0x1803
[351] [M]: 0x800005D8 (0x18039073) csrrw zero, satp, t2
CSR satp -> 0x80080C01
CSR satp <- 0x00000000 (input: 0x00000000)


mem[X,0x800005DC] -> 0x2503
mem[X,0x800005DE] -> 0x1D03
[352] [M]: 0x800005DC (0x1D032503) lw a0, 464(t1)
mem[R,0x804003C8] -> 0x00000000
x10 <- 0x00000000


mem[X,0x800005E0] -> 0x1073
mem[X,0x800005E2] -> 0x1405
[353] [M]: 0x800005E0 (0x14051073) csrrw zero, sscratch, a0
CSR sscratch -> 0x90400000
CSR sscratch <- 0x00000000 (input: 0x00000000)


mem[X,0x800005E4] -> 0x2483
mem[X,0x800005E6] -> 0x1C83
[354] [M]: 0x800005E4 (0x1C832483) lw s1, 456(t1)
mem[R,0x804003C0] -> 0x00000000
x9 <- 0x00000000


mem[X,0x800005E8] -> 0x93F3
mem[X,0x800005EA] -> 0x1054
[355] [M]: 0x800005E8 (0x105493F3) csrrw t2, stvec, s1
CSR stvec -> 0x80000CC0
CSR stvec <- 0x00000000 (input: 0x00000000)
x7 <- 0x80000CC0


mem[X,0x800005EC] -> 0xF493
mem[X,0x800005EE] -> 0xFFC4
[356] [M]: 0x800005EC (0xFFC4F493) andi s1, s1, 4092
x9 <- 0x00000000


mem[X,0x800005F0] -> 0xF393
mem[X,0x800005F2] -> 0xFFC3
[357] [M]: 0x800005F0 (0xFFC3F393) andi t2, t2, 4092
x7 <- 0x80000CC0


mem[X,0x800005F4] -> 0x9063
mem[X,0x800005F6] -> 0x0274
[358] [M]: 0x800005F4 (0x02749063) bne s1, t2, 32


mem[X,0x80000614] -> 0x2373
mem[X,0x80000616] -> 0x3400
[359] [M]: 0x80000614 (0x34002373) csrrs t1, mscratch, zero
CSR mscratch -> 0x80400000
x6 <- 0x80400000


mem[X,0x80000618] -> 0x2383
mem[X,0x8000061A] -> 0x1B83
[360] [M]: 0x80000618 (0x1B832383) lw t2, 440(t1)
mem[R,0x804001B8] -> 0x00000000
x7 <- 0x00000000


mem[X,0x8000061C] -> 0x9073
mem[X,0x8000061E] -> 0x3023
[361] [M]: 0x8000061C (0x30239073) csrrw zero, medeleg, t2
CSR medeleg -> 0x00000000
CSR medeleg <- 0x00000000 (input: 0x00000000)


mem[X,0x80000620] -> 0x2503
mem[X,0x80000622] -> 0x1D03
[362] [M]: 0x80000620 (0x1D032503) lw a0, 464(t1)
mem[R,0x804001D0] -> 0x00000000
x10 <- 0x00000000


mem[X,0x80000624] -> 0x1073
mem[X,0x80000626] -> 0x3405
[363] [M]: 0x80000624 (0x34051073) csrrw zero, mscratch, a0
CSR mscratch -> 0x80400000
CSR mscratch <- 0x00000000 (input: 0x00000000)


mem[X,0x80000628] -> 0x2483
mem[X,0x8000062A] -> 0x1C83
[364] [M]: 0x80000628 (0x1C832483) lw s1, 456(t1)
mem[R,0x804001C8] -> 0x00000000
x9 <- 0x00000000


mem[X,0x8000062C] -> 0x93F3
mem[X,0x8000062E] -> 0x3054
[365] [M]: 0x8000062C (0x305493F3) csrrw t2, mtvec, s1
CSR mtvec -> 0x80000680
CSR mtvec <- 0x00000000 (input: 0x00000000)
x7 <- 0x80000680


mem[X,0x80000630] -> 0xF493
mem[X,0x80000632] -> 0xFFC4
[366] [M]: 0x80000630 (0xFFC4F493) andi s1, s1, 4092
x9 <- 0x00000000


mem[X,0x80000634] -> 0xF393
mem[X,0x80000636] -> 0xFFC3
[367] [M]: 0x80000634 (0xFFC3F393) andi t2, t2, 4092
x7 <- 0x80000680


mem[X,0x80000638] -> 0x9063
mem[X,0x8000063A] -> 0x0274
[368] [M]: 0x80000638 (0x02749063) bne s1, t2, 32


mem[X,0x80000658] -> 0x006F
mem[X,0x8000065A] -> 0x40D0
[369] [M]: 0x80000658 (0x40D0006F) jal zero, 3084


mem[X,0x80001264] -> 0x0093
mem[X,0x80001266] -> 0x0010
[370] [M]: 0x80001264 (0x00100093) addi ra, zero, 1
x1 <- 0x00000001


mem[X,0x80001268] -> 0x1F17
mem[X,0x8000126A] -> 0x0000
[371] [M]: 0x80001268 (0x00001F17) auipc t5, 1
x30 <- 0x80002268


mem[X,0x8000126C] -> 0x2C23
mem[X,0x8000126E] -> 0xD81F
[372] [M]: 0x8000126C (0xD81F2C23) sw ra, 3480(t5)
htif[0x80002000] <- 0x00000001


mem[X,0x80001270] -> 0xF06F
mem[X,0x80001272] -> 0xFF9F
[373] [M]: 0x80001270 (0xFF9FF06F) jal zero, 2097144


mem[X,0x80001268] -> 0x1F17
mem[X,0x8000126A] -> 0x0000
[374] [M]: 0x80001268 (0x00001F17) auipc t5, 1
x30 <- 0x80002268


mem[X,0x8000126C] -> 0x2C23
mem[X,0x8000126E] -> 0xD81F
[375] [M]: 0x8000126C (0xD81F2C23) sw ra, 3480(t5)
htif[0x80002000] <- 0x00000001


mem[X,0x80001270] -> 0xF06F
mem[X,0x80001272] -> 0xFF9F
[376] [M]: 0x80001270 (0xFF9FF06F) jal zero, 2097144


mem[X,0x80001268] -> 0x1F17
mem[X,0x8000126A] -> 0x0000
[377] [M]: 0x80001268 (0x00001F17) auipc t5, 1
x30 <- 0x80002268


mem[X,0x8000126C] -> 0x2C23
mem[X,0x8000126E] -> 0xD81F
[378] [M]: 0x8000126C (0xD81F2C23) sw ra, 3480(t5)
htif[0x80002000] <- 0x00000001
htif-syscall-proxy cmd: 0x000000000001

SUCCESS
